<?xml version="1.0" encoding="UTF-8"?>
<!-- Generated by org.testng.reporters.JUnitReportReporter -->
<testsuite hostname="BSC-PG02B565" failures="0" tests="2" name="com.allegis.tests.TestClass" time="73.271" errors="0" timestamp="2022-05-16T17:43:16 IST" skipped="1">
  <testcase classname="com.allegis.tests.TestClass" name="amazon" time="73.271"/>
  <system-out>
    <![CDATA[The create amazon account text displayed]]>
  </system-out>
  <testcase classname="com.allegis.tests.TestClass" name="login">
    <skipped/>
  </testcase> <!-- login -->
  <system-out/>
</testsuite> <!-- com.allegis.tests.TestClass -->
