<?xml version="1.0" encoding="UTF-8"?>
<!-- Generated by org.testng.reporters.JUnitReportReporter -->
<testsuite hostname="BSC-PG02B565" failures="0" tests="3" name="com.allegis.tests.TestClass" time="84.168" errors="0" timestamp="2022-05-19T18:03:39 IST" skipped="2">
  <testcase classname="com.allegis.tests.TestClass" name="amazonfashion" time="84.168"/>
  <system-out>
    <![CDATA[Nike page is opened and displayed
nike chroma flipflop added to the cart successfully]]>
  </system-out>
  <testcase classname="com.allegis.tests.TestClass" name="login">
    <skipped/>
  </testcase> <!-- login -->
  <system-out/>
  <testcase classname="com.allegis.tests.TestClass" name="amazonwishlist">
    <skipped/>
  </testcase> <!-- amazonwishlist -->
  <system-out/>
</testsuite> <!-- com.allegis.tests.TestClass -->
