<?xml version="1.0" encoding="UTF-8"?>
<!-- Generated by org.testng.reporters.JUnitReportReporter -->
<testsuite hostname="BSC-PG02B565" failures="0" tests="1" name="com.allegis.tests.ParabankTest" time="24.603" errors="0" timestamp="2022-05-13T19:47:35 IST" skipped="0">
  <testcase classname="com.allegis.tests.ParabankTest" name="login" time="24.603"/>
  <system-out>
    <![CDATA[firstname entered
lastname entered
address entered
city entered
state entered
zipcode entered
phonenumber entered
username entered
password entered
confirm password entered
register button clicked
User account registered successfully
waited for 5 sec and tab closed]]>
  </system-out>
</testsuite> <!-- com.allegis.tests.ParabankTest -->
