<?xml version="1.0" encoding="UTF-8"?>
<!-- Generated by org.testng.reporters.JUnitReportReporter -->
<testsuite hostname="HSC-PG020MZ8" failures="0" tests="1" name="com.allegis.FirstClass" time="0.015" errors="0" timestamp="21 Apr 2021 08:54:19 GMT" skipped="0">
  <testcase classname="com.allegis.FirstClass" name="firstTest" time="0.015"/>
</testsuite> <!-- com.allegis.FirstClass -->
