<?xml version="1.0" encoding="UTF-8"?>
<!-- Generated by org.testng.reporters.JUnitReportReporter -->
<testsuite hostname="BSC-PG02B565" failures="0" tests="2" name="com.allegis.tests.TestClass" time="139.823" errors="0" timestamp="2022-05-23T16:28:05 IST" skipped="1">
  <testcase classname="com.allegis.tests.TestClass" name="amazonfashion" time="139.823"/>
  <system-out>
    <![CDATA[Nike page is opened and displayed
nike chroma flipflop added to the cart successfully]]>
  </system-out>
  <testcase classname="com.allegis.tests.TestClass" name="login">
    <skipped/>
  </testcase> <!-- login -->
  <system-out/>
</testsuite> <!-- com.allegis.tests.TestClass -->
